  Scene.cpp
C:\Users\op389\OneDrive\바탕 화면\최은우-2017182044 3D게임프로그래밍 과제03\3DGPMF\Scene.cpp(91,11): warning C4244: '초기화 중': 'int'에서 'float'(으)로 변환하면서 데이터가 손실될 수 있습니다.
C:\Users\op389\OneDrive\바탕 화면\최은우-2017182044 3D게임프로그래밍 과제03\3DGPMF\Scene.cpp(102,11): warning C4244: '초기화 중': 'int'에서 'float'(으)로 변환하면서 데이터가 손실될 수 있습니다.
C:\Users\op389\OneDrive\바탕 화면\최은우-2017182044 3D게임프로그래밍 과제03\3DGPMF\Scene.cpp(130,11): warning C4244: '초기화 중': 'int'에서 'float'(으)로 변환하면서 데이터가 손실될 수 있습니다.
C:\Users\op389\OneDrive\바탕 화면\최은우-2017182044 3D게임프로그래밍 과제03\3DGPMF\Scene.cpp(164,12): warning C4244: '초기화 중': 'int'에서 'float'(으)로 변환하면서 데이터가 손실될 수 있습니다.
C:\Users\op389\OneDrive\바탕 화면\최은우-2017182044 3D게임프로그래밍 과제03\3DGPMF\Scene.cpp(175,12): warning C4244: '초기화 중': 'int'에서 'float'(으)로 변환하면서 데이터가 손실될 수 있습니다.
C:\Users\op389\OneDrive\바탕 화면\최은우-2017182044 3D게임프로그래밍 과제03\3DGPMF\Scene.cpp(183,13): warning C4244: '초기화 중': 'int'에서 'float'(으)로 변환하면서 데이터가 손실될 수 있습니다.
C:\Users\op389\OneDrive\바탕 화면\최은우-2017182044 3D게임프로그래밍 과제03\3DGPMF\Scene.cpp(193,13): warning C4244: '초기화 중': 'int'에서 'float'(으)로 변환하면서 데이터가 손실될 수 있습니다.
C:\Users\op389\OneDrive\바탕 화면\최은우-2017182044 3D게임프로그래밍 과제03\3DGPMF\Scene.cpp(261,12): warning C4244: '초기화 중': 'int'에서 'float'(으)로 변환하면서 데이터가 손실될 수 있습니다.
C:\Users\op389\OneDrive\바탕 화면\최은우-2017182044 3D게임프로그래밍 과제03\3DGPMF\Scene.cpp(274,12): warning C4244: '초기화 중': 'int'에서 'float'(으)로 변환하면서 데이터가 손실될 수 있습니다.
C:\Users\op389\OneDrive\바탕 화면\최은우-2017182044 3D게임프로그래밍 과제03\3DGPMF\Scene.cpp(287,12): warning C4244: '초기화 중': 'int'에서 'float'(으)로 변환하면서 데이터가 손실될 수 있습니다.
C:\Users\op389\OneDrive\바탕 화면\최은우-2017182044 3D게임프로그래밍 과제03\3DGPMF\Scene.cpp(593,50): warning C4244: '인수': 'float'에서 '_Ty'(으)로 변환하면서 데이터가 손실될 수 있습니다.
          with
          [
              _Ty=int
          ]
C:\Users\op389\OneDrive\바탕 화면\최은우-2017182044 3D게임프로그래밍 과제03\3DGPMF\Scene.cpp(593,44): warning C4244: '인수': 'float'에서 '_Ty'(으)로 변환하면서 데이터가 손실될 수 있습니다.
          with
          [
              _Ty=int
          ]
C:\Users\op389\OneDrive\바탕 화면\최은우-2017182044 3D게임프로그래밍 과제03\3DGPMF\Scene.cpp(599,39): warning C4244: '인수': 'int'에서 'float'(으)로 변환하면서 데이터가 손실될 수 있습니다.
C:\Users\op389\OneDrive\바탕 화면\최은우-2017182044 3D게임프로그래밍 과제03\3DGPMF\Scene.cpp(606,39): warning C4244: '인수': 'int'에서 'float'(으)로 변환하면서 데이터가 손실될 수 있습니다.
C:\Users\op389\OneDrive\바탕 화면\최은우-2017182044 3D게임프로그래밍 과제03\3DGPMF\Scene.cpp(613,39): warning C4244: '인수': 'int'에서 'float'(으)로 변환하면서 데이터가 손실될 수 있습니다.
C:\Users\op389\OneDrive\바탕 화면\최은우-2017182044 3D게임프로그래밍 과제03\3DGPMF\Scene.cpp(620,39): warning C4244: '인수': 'int'에서 'float'(으)로 변환하면서 데이터가 손실될 수 있습니다.
C:\Users\op389\OneDrive\바탕 화면\최은우-2017182044 3D게임프로그래밍 과제03\3DGPMF\Scene.cpp(627,39): warning C4244: '인수': 'int'에서 'float'(으)로 변환하면서 데이터가 손실될 수 있습니다.
C:\Users\op389\OneDrive\바탕 화면\최은우-2017182044 3D게임프로그래밍 과제03\3DGPMF\Scene.cpp(634,39): warning C4244: '인수': 'int'에서 'float'(으)로 변환하면서 데이터가 손실될 수 있습니다.
C:\Users\op389\OneDrive\바탕 화면\최은우-2017182044 3D게임프로그래밍 과제03\3DGPMF\Scene.cpp(640,39): warning C4244: '인수': 'int'에서 'float'(으)로 변환하면서 데이터가 손실될 수 있습니다.
C:\Users\op389\OneDrive\바탕 화면\최은우-2017182044 3D게임프로그래밍 과제03\3DGPMF\Scene.cpp(646,39): warning C4244: '인수': 'int'에서 'float'(으)로 변환하면서 데이터가 손실될 수 있습니다.
C:\Users\op389\OneDrive\바탕 화면\최은우-2017182044 3D게임프로그래밍 과제03\3DGPMF\Scene.cpp(652,39): warning C4244: '인수': 'int'에서 'float'(으)로 변환하면서 데이터가 손실될 수 있습니다.
C:\Users\op389\OneDrive\바탕 화면\최은우-2017182044 3D게임프로그래밍 과제03\3DGPMF\Scene.cpp(658,39): warning C4244: '인수': 'int'에서 'float'(으)로 변환하면서 데이터가 손실될 수 있습니다.
C:\Users\op389\OneDrive\바탕 화면\최은우-2017182044 3D게임프로그래밍 과제03\3DGPMF\Scene.cpp(665,39): warning C4244: '인수': 'int'에서 'float'(으)로 변환하면서 데이터가 손실될 수 있습니다.
C:\Users\op389\OneDrive\바탕 화면\최은우-2017182044 3D게임프로그래밍 과제03\3DGPMF\Scene.cpp(674,38): warning C4244: '인수': 'int'에서 'float'(으)로 변환하면서 데이터가 손실될 수 있습니다.
C:\Users\op389\OneDrive\바탕 화면\최은우-2017182044 3D게임프로그래밍 과제03\3DGPMF\Scene.cpp(681,38): warning C4244: '인수': 'int'에서 'float'(으)로 변환하면서 데이터가 손실될 수 있습니다.
C:\Users\op389\OneDrive\바탕 화면\최은우-2017182044 3D게임프로그래밍 과제03\3DGPMF\Scene.cpp(688,38): warning C4244: '인수': 'int'에서 'float'(으)로 변환하면서 데이터가 손실될 수 있습니다.
C:\Users\op389\OneDrive\바탕 화면\최은우-2017182044 3D게임프로그래밍 과제03\3DGPMF\Scene.cpp(695,38): warning C4244: '인수': 'int'에서 'float'(으)로 변환하면서 데이터가 손실될 수 있습니다.
C:\Users\op389\OneDrive\바탕 화면\최은우-2017182044 3D게임프로그래밍 과제03\3DGPMF\Scene.cpp(702,38): warning C4244: '인수': 'int'에서 'float'(으)로 변환하면서 데이터가 손실될 수 있습니다.
C:\Users\op389\OneDrive\바탕 화면\최은우-2017182044 3D게임프로그래밍 과제03\3DGPMF\Scene.cpp(709,38): warning C4244: '인수': 'int'에서 'float'(으)로 변환하면서 데이터가 손실될 수 있습니다.
C:\Users\op389\OneDrive\바탕 화면\최은우-2017182044 3D게임프로그래밍 과제03\3DGPMF\Scene.cpp(715,29): warning C4244: '인수': 'int'에서 'float'(으)로 변환하면서 데이터가 손실될 수 있습니다.
C:\Users\op389\OneDrive\바탕 화면\최은우-2017182044 3D게임프로그래밍 과제03\3DGPMF\Scene.cpp(721,29): warning C4244: '인수': 'int'에서 'float'(으)로 변환하면서 데이터가 손실될 수 있습니다.
C:\Users\op389\OneDrive\바탕 화면\최은우-2017182044 3D게임프로그래밍 과제03\3DGPMF\Scene.cpp(727,29): warning C4244: '인수': 'int'에서 'float'(으)로 변환하면서 데이터가 손실될 수 있습니다.
C:\Users\op389\OneDrive\바탕 화면\최은우-2017182044 3D게임프로그래밍 과제03\3DGPMF\Scene.cpp(733,29): warning C4244: '인수': 'int'에서 'float'(으)로 변환하면서 데이터가 손실될 수 있습니다.
C:\Users\op389\OneDrive\바탕 화면\최은우-2017182044 3D게임프로그래밍 과제03\3DGPMF\Scene.cpp(740,29): warning C4244: '인수': 'int'에서 'float'(으)로 변환하면서 데이터가 손실될 수 있습니다.
C:\Users\op389\OneDrive\바탕 화면\최은우-2017182044 3D게임프로그래밍 과제03\3DGPMF\Scene.cpp(746,29): warning C4244: '인수': 'int'에서 'float'(으)로 변환하면서 데이터가 손실될 수 있습니다.
C:\Users\op389\OneDrive\바탕 화면\최은우-2017182044 3D게임프로그래밍 과제03\3DGPMF\Scene.cpp(756,39): warning C4244: '인수': 'int'에서 'float'(으)로 변환하면서 데이터가 손실될 수 있습니다.
C:\Users\op389\OneDrive\바탕 화면\최은우-2017182044 3D게임프로그래밍 과제03\3DGPMF\Scene.cpp(758,25): warning C4244: '인수': 'int'에서 'float'(으)로 변환하면서 데이터가 손실될 수 있습니다.
C:\Users\op389\OneDrive\바탕 화면\최은우-2017182044 3D게임프로그래밍 과제03\3DGPMF\Scene.cpp(763,39): warning C4244: '인수': 'int'에서 'float'(으)로 변환하면서 데이터가 손실될 수 있습니다.
C:\Users\op389\OneDrive\바탕 화면\최은우-2017182044 3D게임프로그래밍 과제03\3DGPMF\Scene.cpp(765,25): warning C4244: '인수': 'int'에서 'float'(으)로 변환하면서 데이터가 손실될 수 있습니다.
C:\Users\op389\OneDrive\바탕 화면\최은우-2017182044 3D게임프로그래밍 과제03\3DGPMF\Scene.cpp(770,39): warning C4244: '인수': 'int'에서 'float'(으)로 변환하면서 데이터가 손실될 수 있습니다.
C:\Users\op389\OneDrive\바탕 화면\최은우-2017182044 3D게임프로그래밍 과제03\3DGPMF\Scene.cpp(772,25): warning C4244: '인수': 'int'에서 'float'(으)로 변환하면서 데이터가 손실될 수 있습니다.
C:\Users\op389\OneDrive\바탕 화면\최은우-2017182044 3D게임프로그래밍 과제03\3DGPMF\Scene.cpp(777,39): warning C4244: '인수': 'int'에서 'float'(으)로 변환하면서 데이터가 손실될 수 있습니다.
C:\Users\op389\OneDrive\바탕 화면\최은우-2017182044 3D게임프로그래밍 과제03\3DGPMF\Scene.cpp(779,25): warning C4244: '인수': 'int'에서 'float'(으)로 변환하면서 데이터가 손실될 수 있습니다.
C:\Users\op389\OneDrive\바탕 화면\최은우-2017182044 3D게임프로그래밍 과제03\3DGPMF\Scene.cpp(784,39): warning C4244: '인수': 'int'에서 'float'(으)로 변환하면서 데이터가 손실될 수 있습니다.
C:\Users\op389\OneDrive\바탕 화면\최은우-2017182044 3D게임프로그래밍 과제03\3DGPMF\Scene.cpp(786,25): warning C4244: '인수': 'int'에서 'float'(으)로 변환하면서 데이터가 손실될 수 있습니다.
C:\Users\op389\OneDrive\바탕 화면\최은우-2017182044 3D게임프로그래밍 과제03\3DGPMF\Scene.cpp(791,39): warning C4244: '인수': 'int'에서 'float'(으)로 변환하면서 데이터가 손실될 수 있습니다.
C:\Users\op389\OneDrive\바탕 화면\최은우-2017182044 3D게임프로그래밍 과제03\3DGPMF\Scene.cpp(793,25): warning C4244: '인수': 'int'에서 'float'(으)로 변환하면서 데이터가 손실될 수 있습니다.
C:\Users\op389\OneDrive\바탕 화면\최은우-2017182044 3D게임프로그래밍 과제03\3DGPMF\Scene.cpp(797,39): warning C4244: '인수': 'int'에서 'float'(으)로 변환하면서 데이터가 손실될 수 있습니다.
C:\Users\op389\OneDrive\바탕 화면\최은우-2017182044 3D게임프로그래밍 과제03\3DGPMF\Scene.cpp(799,25): warning C4244: '인수': 'int'에서 'float'(으)로 변환하면서 데이터가 손실될 수 있습니다.
C:\Users\op389\OneDrive\바탕 화면\최은우-2017182044 3D게임프로그래밍 과제03\3DGPMF\Scene.cpp(803,39): warning C4244: '인수': 'int'에서 'float'(으)로 변환하면서 데이터가 손실될 수 있습니다.
C:\Users\op389\OneDrive\바탕 화면\최은우-2017182044 3D게임프로그래밍 과제03\3DGPMF\Scene.cpp(805,25): warning C4244: '인수': 'int'에서 'float'(으)로 변환하면서 데이터가 손실될 수 있습니다.
C:\Users\op389\OneDrive\바탕 화면\최은우-2017182044 3D게임프로그래밍 과제03\3DGPMF\Scene.cpp(809,39): warning C4244: '인수': 'int'에서 'float'(으)로 변환하면서 데이터가 손실될 수 있습니다.
C:\Users\op389\OneDrive\바탕 화면\최은우-2017182044 3D게임프로그래밍 과제03\3DGPMF\Scene.cpp(811,25): warning C4244: '인수': 'int'에서 'float'(으)로 변환하면서 데이터가 손실될 수 있습니다.
C:\Users\op389\OneDrive\바탕 화면\최은우-2017182044 3D게임프로그래밍 과제03\3DGPMF\Scene.cpp(815,39): warning C4244: '인수': 'int'에서 'float'(으)로 변환하면서 데이터가 손실될 수 있습니다.
C:\Users\op389\OneDrive\바탕 화면\최은우-2017182044 3D게임프로그래밍 과제03\3DGPMF\Scene.cpp(817,25): warning C4244: '인수': 'int'에서 'float'(으)로 변환하면서 데이터가 손실될 수 있습니다.
C:\Users\op389\OneDrive\바탕 화면\최은우-2017182044 3D게임프로그래밍 과제03\3DGPMF\Scene.cpp(822,39): warning C4244: '인수': 'int'에서 'float'(으)로 변환하면서 데이터가 손실될 수 있습니다.
C:\Users\op389\OneDrive\바탕 화면\최은우-2017182044 3D게임프로그래밍 과제03\3DGPMF\Scene.cpp(824,25): warning C4244: '인수': 'int'에서 'float'(으)로 변환하면서 데이터가 손실될 수 있습니다.
C:\Users\op389\OneDrive\바탕 화면\최은우-2017182044 3D게임프로그래밍 과제03\3DGPMF\Scene.cpp(831,38): warning C4244: '인수': 'int'에서 'float'(으)로 변환하면서 데이터가 손실될 수 있습니다.
C:\Users\op389\OneDrive\바탕 화면\최은우-2017182044 3D게임프로그래밍 과제03\3DGPMF\Scene.cpp(832,25): warning C4244: '인수': 'int'에서 'float'(으)로 변환하면서 데이터가 손실될 수 있습니다.
C:\Users\op389\OneDrive\바탕 화면\최은우-2017182044 3D게임프로그래밍 과제03\3DGPMF\Scene.cpp(838,38): warning C4244: '인수': 'int'에서 'float'(으)로 변환하면서 데이터가 손실될 수 있습니다.
C:\Users\op389\OneDrive\바탕 화면\최은우-2017182044 3D게임프로그래밍 과제03\3DGPMF\Scene.cpp(839,25): warning C4244: '인수': 'int'에서 'float'(으)로 변환하면서 데이터가 손실될 수 있습니다.
C:\Users\op389\OneDrive\바탕 화면\최은우-2017182044 3D게임프로그래밍 과제03\3DGPMF\Scene.cpp(845,38): warning C4244: '인수': 'int'에서 'float'(으)로 변환하면서 데이터가 손실될 수 있습니다.
C:\Users\op389\OneDrive\바탕 화면\최은우-2017182044 3D게임프로그래밍 과제03\3DGPMF\Scene.cpp(846,25): warning C4244: '인수': 'int'에서 'float'(으)로 변환하면서 데이터가 손실될 수 있습니다.
C:\Users\op389\OneDrive\바탕 화면\최은우-2017182044 3D게임프로그래밍 과제03\3DGPMF\Scene.cpp(852,38): warning C4244: '인수': 'int'에서 'float'(으)로 변환하면서 데이터가 손실될 수 있습니다.
C:\Users\op389\OneDrive\바탕 화면\최은우-2017182044 3D게임프로그래밍 과제03\3DGPMF\Scene.cpp(853,25): warning C4244: '인수': 'int'에서 'float'(으)로 변환하면서 데이터가 손실될 수 있습니다.
C:\Users\op389\OneDrive\바탕 화면\최은우-2017182044 3D게임프로그래밍 과제03\3DGPMF\Scene.cpp(859,38): warning C4244: '인수': 'int'에서 'float'(으)로 변환하면서 데이터가 손실될 수 있습니다.
C:\Users\op389\OneDrive\바탕 화면\최은우-2017182044 3D게임프로그래밍 과제03\3DGPMF\Scene.cpp(860,25): warning C4244: '인수': 'int'에서 'float'(으)로 변환하면서 데이터가 손실될 수 있습니다.
C:\Users\op389\OneDrive\바탕 화면\최은우-2017182044 3D게임프로그래밍 과제03\3DGPMF\Scene.cpp(866,38): warning C4244: '인수': 'int'에서 'float'(으)로 변환하면서 데이터가 손실될 수 있습니다.
C:\Users\op389\OneDrive\바탕 화면\최은우-2017182044 3D게임프로그래밍 과제03\3DGPMF\Scene.cpp(867,25): warning C4244: '인수': 'int'에서 'float'(으)로 변환하면서 데이터가 손실될 수 있습니다.
C:\Users\op389\OneDrive\바탕 화면\최은우-2017182044 3D게임프로그래밍 과제03\3DGPMF\Scene.cpp(872,29): warning C4244: '인수': 'int'에서 'float'(으)로 변환하면서 데이터가 손실될 수 있습니다.
C:\Users\op389\OneDrive\바탕 화면\최은우-2017182044 3D게임프로그래밍 과제03\3DGPMF\Scene.cpp(873,25): warning C4244: '인수': 'int'에서 'float'(으)로 변환하면서 데이터가 손실될 수 있습니다.
C:\Users\op389\OneDrive\바탕 화면\최은우-2017182044 3D게임프로그래밍 과제03\3DGPMF\Scene.cpp(878,29): warning C4244: '인수': 'int'에서 'float'(으)로 변환하면서 데이터가 손실될 수 있습니다.
C:\Users\op389\OneDrive\바탕 화면\최은우-2017182044 3D게임프로그래밍 과제03\3DGPMF\Scene.cpp(879,25): warning C4244: '인수': 'int'에서 'float'(으)로 변환하면서 데이터가 손실될 수 있습니다.
C:\Users\op389\OneDrive\바탕 화면\최은우-2017182044 3D게임프로그래밍 과제03\3DGPMF\Scene.cpp(884,29): warning C4244: '인수': 'int'에서 'float'(으)로 변환하면서 데이터가 손실될 수 있습니다.
C:\Users\op389\OneDrive\바탕 화면\최은우-2017182044 3D게임프로그래밍 과제03\3DGPMF\Scene.cpp(885,25): warning C4244: '인수': 'int'에서 'float'(으)로 변환하면서 데이터가 손실될 수 있습니다.
C:\Users\op389\OneDrive\바탕 화면\최은우-2017182044 3D게임프로그래밍 과제03\3DGPMF\Scene.cpp(890,29): warning C4244: '인수': 'int'에서 'float'(으)로 변환하면서 데이터가 손실될 수 있습니다.
C:\Users\op389\OneDrive\바탕 화면\최은우-2017182044 3D게임프로그래밍 과제03\3DGPMF\Scene.cpp(891,25): warning C4244: '인수': 'int'에서 'float'(으)로 변환하면서 데이터가 손실될 수 있습니다.
C:\Users\op389\OneDrive\바탕 화면\최은우-2017182044 3D게임프로그래밍 과제03\3DGPMF\Scene.cpp(897,29): warning C4244: '인수': 'int'에서 'float'(으)로 변환하면서 데이터가 손실될 수 있습니다.
C:\Users\op389\OneDrive\바탕 화면\최은우-2017182044 3D게임프로그래밍 과제03\3DGPMF\Scene.cpp(898,25): warning C4244: '인수': 'int'에서 'float'(으)로 변환하면서 데이터가 손실될 수 있습니다.
C:\Users\op389\OneDrive\바탕 화면\최은우-2017182044 3D게임프로그래밍 과제03\3DGPMF\Scene.cpp(903,29): warning C4244: '인수': 'int'에서 'float'(으)로 변환하면서 데이터가 손실될 수 있습니다.
C:\Users\op389\OneDrive\바탕 화면\최은우-2017182044 3D게임프로그래밍 과제03\3DGPMF\Scene.cpp(904,25): warning C4244: '인수': 'int'에서 'float'(으)로 변환하면서 데이터가 손실될 수 있습니다.
  코드를 생성하고 있습니다.
  Previous IPDB and IOBJ mismatch, fall back to full compilation.
  All 848 functions were compiled because no usable IPDB/IOBJ from previous compilation was found.
  코드를 생성했습니다.
  3DGPMF.vcxproj -> C:\Users\op389\OneDrive\바탕 화면\최은우-2017182044 3D게임프로그래밍 과제03\x64\Release\3DGPMF.exe
