  3DGPMF.cpp
  GameFramework.cpp
  Mesh.cpp
  Network.cpp
  Object.cpp
  Scene.cpp
E:\KPU_Project\code관련 자료\Server\DX12_Client-ver2\client\Scene.cpp(148,28): warning C4244: '인수': 'int'에서 'float'(으)로 변환하면서 데이터가 손실될 수 있습니다.
E:\KPU_Project\code관련 자료\Server\DX12_Client-ver2\client\Scene.cpp(149,58): warning C4244: '인수': 'double'에서 'float'(으)로 변환하면서 데이터가 손실될 수 있습니다.
E:\KPU_Project\code관련 자료\Server\DX12_Client-ver2\client\Scene.cpp(149,43): warning C4244: '인수': 'double'에서 'float'(으)로 변환하면서 데이터가 손실될 수 있습니다.
E:\KPU_Project\code관련 자료\Server\DX12_Client-ver2\client\Scene.cpp(149,34): warning C4244: '인수': 'double'에서 'float'(으)로 변환하면서 데이터가 손실될 수 있습니다.
E:\KPU_Project\code관련 자료\Server\DX12_Client-ver2\client\Scene.cpp(172,11): warning C4244: '초기화 중': 'int'에서 'float'(으)로 변환하면서 데이터가 손실될 수 있습니다.
E:\KPU_Project\code관련 자료\Server\DX12_Client-ver2\client\Scene.cpp(185,11): warning C4244: '초기화 중': 'int'에서 'float'(으)로 변환하면서 데이터가 손실될 수 있습니다.
E:\KPU_Project\code관련 자료\Server\DX12_Client-ver2\client\Scene.cpp(197,11): warning C4244: '초기화 중': 'int'에서 'float'(으)로 변환하면서 데이터가 손실될 수 있습니다.
E:\KPU_Project\code관련 자료\Server\DX12_Client-ver2\client\Scene.cpp(403,50): warning C4244: '인수': 'float'에서 '_Ty'(으)로 변환하면서 데이터가 손실될 수 있습니다.
          with
          [
              _Ty=int
          ]
E:\KPU_Project\code관련 자료\Server\DX12_Client-ver2\client\Scene.cpp(403,44): warning C4244: '인수': 'float'에서 '_Ty'(으)로 변환하면서 데이터가 손실될 수 있습니다.
          with
          [
              _Ty=int
          ]
E:\KPU_Project\code관련 자료\Server\DX12_Client-ver2\client\Scene.cpp(416,31): warning C4244: '인수': 'int'에서 'float'(으)로 변환하면서 데이터가 손실될 수 있습니다.
E:\KPU_Project\code관련 자료\Server\DX12_Client-ver2\client\Scene.cpp(419,31): warning C4244: '인수': 'int'에서 'float'(으)로 변환하면서 데이터가 손실될 수 있습니다.
E:\KPU_Project\code관련 자료\Server\DX12_Client-ver2\client\Scene.cpp(433,31): warning C4244: '인수': 'int'에서 'float'(으)로 변환하면서 데이터가 손실될 수 있습니다.
E:\KPU_Project\code관련 자료\Server\DX12_Client-ver2\client\Scene.cpp(436,31): warning C4244: '인수': 'int'에서 'float'(으)로 변환하면서 데이터가 손실될 수 있습니다.
E:\KPU_Project\code관련 자료\Server\DX12_Client-ver2\client\Scene.cpp(448,31): warning C4244: '인수': 'int'에서 'float'(으)로 변환하면서 데이터가 손실될 수 있습니다.
E:\KPU_Project\code관련 자료\Server\DX12_Client-ver2\client\Scene.cpp(451,31): warning C4244: '인수': 'int'에서 'float'(으)로 변환하면서 데이터가 손실될 수 있습니다.
E:\KPU_Project\code관련 자료\Server\DX12_Client-ver2\client\Scene.cpp(462,31): warning C4244: '인수': 'int'에서 'float'(으)로 변환하면서 데이터가 손실될 수 있습니다.
E:\KPU_Project\code관련 자료\Server\DX12_Client-ver2\client\Scene.cpp(465,31): warning C4244: '인수': 'int'에서 'float'(으)로 변환하면서 데이터가 손실될 수 있습니다.
E:\KPU_Project\code관련 자료\Server\DX12_Client-ver2\client\Scene.cpp(468,29): warning C4244: '인수': 'int'에서 'float'(으)로 변환하면서 데이터가 손실될 수 있습니다.
  코드를 생성하고 있습니다...
sfml-system-s-d.lib(Err.cpp.obj) : warning LNK4099: 'sfml-system-s-d.pdb' PDB를 'sfml-system-s-d.lib(Err.cpp.obj)' 또는 'E:\KPU_Project\code관련 자료\Server\DX12_Client-ver2\client\x64\Debug\sfml-system-s-d.pdb'에서 찾을 수 없습니다. 디버그 정보가 없는 것처럼 개체를 링크합니다.
sfml-system-s-d.lib(String.cpp.obj) : warning LNK4099: 'sfml-system-s-d.pdb' PDB를 'sfml-system-s-d.lib(String.cpp.obj)' 또는 'E:\KPU_Project\code관련 자료\Server\DX12_Client-ver2\client\x64\Debug\sfml-system-s-d.pdb'에서 찾을 수 없습니다. 디버그 정보가 없는 것처럼 개체를 링크합니다.
sfml-system-s-d.lib(Time.cpp.obj) : warning LNK4099: '' PDB를 'sfml-system-s-d.lib(Time.cpp.obj)' 또는 ''에서 찾을 수 없습니다. 디버그 정보가 없는 것처럼 개체를 링크합니다.
sfml-network-s-d.lib(Http.cpp.obj) : warning LNK4099: 'sfml-network-s-d.pdb' PDB를 'sfml-network-s-d.lib(Http.cpp.obj)' 또는 'E:\KPU_Project\code관련 자료\Server\DX12_Client-ver2\client\x64\Debug\sfml-network-s-d.pdb'에서 찾을 수 없습니다. 디버그 정보가 없는 것처럼 개체를 링크합니다.
sfml-network-s-d.lib(IpAddress.cpp.obj) : warning LNK4099: 'sfml-network-s-d.pdb' PDB를 'sfml-network-s-d.lib(IpAddress.cpp.obj)' 또는 'E:\KPU_Project\code관련 자료\Server\DX12_Client-ver2\client\x64\Debug\sfml-network-s-d.pdb'에서 찾을 수 없습니다. 디버그 정보가 없는 것처럼 개체를 링크합니다.
sfml-network-s-d.lib(Packet.cpp.obj) : warning LNK4099: 'sfml-network-s-d.pdb' PDB를 'sfml-network-s-d.lib(Packet.cpp.obj)' 또는 'E:\KPU_Project\code관련 자료\Server\DX12_Client-ver2\client\x64\Debug\sfml-network-s-d.pdb'에서 찾을 수 없습니다. 디버그 정보가 없는 것처럼 개체를 링크합니다.
sfml-network-s-d.lib(Socket.cpp.obj) : warning LNK4099: 'sfml-network-s-d.pdb' PDB를 'sfml-network-s-d.lib(Socket.cpp.obj)' 또는 'E:\KPU_Project\code관련 자료\Server\DX12_Client-ver2\client\x64\Debug\sfml-network-s-d.pdb'에서 찾을 수 없습니다. 디버그 정보가 없는 것처럼 개체를 링크합니다.
sfml-network-s-d.lib(TcpSocket.cpp.obj) : warning LNK4099: 'sfml-network-s-d.pdb' PDB를 'sfml-network-s-d.lib(TcpSocket.cpp.obj)' 또는 'E:\KPU_Project\code관련 자료\Server\DX12_Client-ver2\client\x64\Debug\sfml-network-s-d.pdb'에서 찾을 수 없습니다. 디버그 정보가 없는 것처럼 개체를 링크합니다.
sfml-network-s-d.lib(SocketImpl.cpp.obj) : warning LNK4099: 'sfml-network-s-d.pdb' PDB를 'sfml-network-s-d.lib(SocketImpl.cpp.obj)' 또는 'E:\KPU_Project\code관련 자료\Server\DX12_Client-ver2\client\x64\Debug\sfml-network-s-d.pdb'에서 찾을 수 없습니다. 디버그 정보가 없는 것처럼 개체를 링크합니다.
  3DGPMF.vcxproj -> E:\KPU_Project\code관련 자료\Server\DX12_Client-ver2\client\x64\Debug\3DGPMF.exe
