  stdafx.cpp
  3DGPMF.cpp
  Camera.cpp
  GameFramework.cpp
  Mesh.cpp
  Network.cpp
  Object.cpp
  Player.cpp
  Scene.cpp
E:\KPU_Project\code관련 자료\Server\DX12_Client\client\Scene.cpp(93,11): warning C4244: '초기화 중': 'int'에서 'float'(으)로 변환하면서 데이터가 손실될 수 있습니다.
E:\KPU_Project\code관련 자료\Server\DX12_Client\client\Scene.cpp(104,11): warning C4244: '초기화 중': 'int'에서 'float'(으)로 변환하면서 데이터가 손실될 수 있습니다.
E:\KPU_Project\code관련 자료\Server\DX12_Client\client\Scene.cpp(132,11): warning C4244: '초기화 중': 'int'에서 'float'(으)로 변환하면서 데이터가 손실될 수 있습니다.
E:\KPU_Project\code관련 자료\Server\DX12_Client\client\Scene.cpp(166,11): warning C4244: '초기화 중': 'int'에서 'float'(으)로 변환하면서 데이터가 손실될 수 있습니다.
E:\KPU_Project\code관련 자료\Server\DX12_Client\client\Scene.cpp(177,11): warning C4244: '초기화 중': 'int'에서 'float'(으)로 변환하면서 데이터가 손실될 수 있습니다.
E:\KPU_Project\code관련 자료\Server\DX12_Client\client\Scene.cpp(185,12): warning C4244: '초기화 중': 'int'에서 'float'(으)로 변환하면서 데이터가 손실될 수 있습니다.
E:\KPU_Project\code관련 자료\Server\DX12_Client\client\Scene.cpp(195,12): warning C4244: '초기화 중': 'int'에서 'float'(으)로 변환하면서 데이터가 손실될 수 있습니다.
E:\KPU_Project\code관련 자료\Server\DX12_Client\client\Scene.cpp(263,11): warning C4244: '초기화 중': 'int'에서 'float'(으)로 변환하면서 데이터가 손실될 수 있습니다.
E:\KPU_Project\code관련 자료\Server\DX12_Client\client\Scene.cpp(276,11): warning C4244: '초기화 중': 'int'에서 'float'(으)로 변환하면서 데이터가 손실될 수 있습니다.
E:\KPU_Project\code관련 자료\Server\DX12_Client\client\Scene.cpp(289,11): warning C4244: '초기화 중': 'int'에서 'float'(으)로 변환하면서 데이터가 손실될 수 있습니다.
E:\KPU_Project\code관련 자료\Server\DX12_Client\client\Scene.cpp(543,50): warning C4244: '인수': 'float'에서 '_Ty'(으)로 변환하면서 데이터가 손실될 수 있습니다.
          with
          [
              _Ty=int
          ]
E:\KPU_Project\code관련 자료\Server\DX12_Client\client\Scene.cpp(543,44): warning C4244: '인수': 'float'에서 '_Ty'(으)로 변환하면서 데이터가 손실될 수 있습니다.
          with
          [
              _Ty=int
          ]
  Shader.cpp
  Timer.cpp
  TransManager.cpp
  pickingManager.cpp
E:\KPU_Project\code관련 자료\Server\DX12_Client\client\pickingManager.cpp(72,14): warning C4101: 'v' :참조되지 않은 지역 변수입니다.
E:\KPU_Project\code관련 자료\Server\DX12_Client\client\pickingManager.cpp(72,17): warning C4101: 't' :참조되지 않은 지역 변수입니다.
E:\KPU_Project\code관련 자료\Server\DX12_Client\client\pickingManager.cpp(72,11): warning C4101: 'u' :참조되지 않은 지역 변수입니다.
  코드를 생성하고 있습니다...
E:\KPU_Project\code관련 자료\Server\DX12_Client\client\TransManager.h(43): warning C4715: 'TransManager::GetProjectionMatrix': 모든 제어 경로에서 값을 반환하지는 않습니다.
E:\KPU_Project\code관련 자료\Server\DX12_Client\client\TransManager.h(37): warning C4715: 'TransManager::GetViewMaterix': 모든 제어 경로에서 값을 반환하지는 않습니다.
sfml-network-s-d.lib(Http.cpp.obj) : warning LNK4099: 'sfml-network-s-d.pdb' PDB를 'sfml-network-s-d.lib(Http.cpp.obj)' 또는 'E:\KPU_Project\code관련 자료\Server\DX12_Client\client\x64\Debug\sfml-network-s-d.pdb'에서 찾을 수 없습니다. 디버그 정보가 없는 것처럼 개체를 링크합니다.
sfml-network-s-d.lib(IpAddress.cpp.obj) : warning LNK4099: 'sfml-network-s-d.pdb' PDB를 'sfml-network-s-d.lib(IpAddress.cpp.obj)' 또는 'E:\KPU_Project\code관련 자료\Server\DX12_Client\client\x64\Debug\sfml-network-s-d.pdb'에서 찾을 수 없습니다. 디버그 정보가 없는 것처럼 개체를 링크합니다.
sfml-network-s-d.lib(Packet.cpp.obj) : warning LNK4099: 'sfml-network-s-d.pdb' PDB를 'sfml-network-s-d.lib(Packet.cpp.obj)' 또는 'E:\KPU_Project\code관련 자료\Server\DX12_Client\client\x64\Debug\sfml-network-s-d.pdb'에서 찾을 수 없습니다. 디버그 정보가 없는 것처럼 개체를 링크합니다.
sfml-network-s-d.lib(Socket.cpp.obj) : warning LNK4099: 'sfml-network-s-d.pdb' PDB를 'sfml-network-s-d.lib(Socket.cpp.obj)' 또는 'E:\KPU_Project\code관련 자료\Server\DX12_Client\client\x64\Debug\sfml-network-s-d.pdb'에서 찾을 수 없습니다. 디버그 정보가 없는 것처럼 개체를 링크합니다.
sfml-network-s-d.lib(TcpSocket.cpp.obj) : warning LNK4099: 'sfml-network-s-d.pdb' PDB를 'sfml-network-s-d.lib(TcpSocket.cpp.obj)' 또는 'E:\KPU_Project\code관련 자료\Server\DX12_Client\client\x64\Debug\sfml-network-s-d.pdb'에서 찾을 수 없습니다. 디버그 정보가 없는 것처럼 개체를 링크합니다.
sfml-network-s-d.lib(SocketImpl.cpp.obj) : warning LNK4099: '' PDB를 'sfml-network-s-d.lib(SocketImpl.cpp.obj)' 또는 ''에서 찾을 수 없습니다. 디버그 정보가 없는 것처럼 개체를 링크합니다.
sfml-system-s-d.lib(Err.cpp.obj) : warning LNK4099: '' PDB를 'sfml-system-s-d.lib(Err.cpp.obj)' 또는 ''에서 찾을 수 없습니다. 디버그 정보가 없는 것처럼 개체를 링크합니다.
sfml-system-s-d.lib(String.cpp.obj) : warning LNK4099: 'sfml-system-s-d.pdb' PDB를 'sfml-system-s-d.lib(String.cpp.obj)' 또는 'E:\KPU_Project\code관련 자료\Server\DX12_Client\client\x64\Debug\sfml-system-s-d.pdb'에서 찾을 수 없습니다. 디버그 정보가 없는 것처럼 개체를 링크합니다.
sfml-system-s-d.lib(Time.cpp.obj) : warning LNK4099: 'sfml-system-s-d.pdb' PDB를 'sfml-system-s-d.lib(Time.cpp.obj)' 또는 'E:\KPU_Project\code관련 자료\Server\DX12_Client\client\x64\Debug\sfml-system-s-d.pdb'에서 찾을 수 없습니다. 디버그 정보가 없는 것처럼 개체를 링크합니다.
  3DGPMF.vcxproj -> E:\KPU_Project\code관련 자료\Server\DX12_Client\client\x64\Debug\3DGPMF.exe
