  Object.cpp
C:\Users\op389\OneDrive\바탕 화면\kpu_projects\code관련 자료\LastProject\Scene.h(167,21): warning C4244: '초기화 중': 'double'에서 'int'(으)로 변환하면서 데이터가 손실될 수 있습니다.
C:\Users\op389\OneDrive\바탕 화면\kpu_projects\code관련 자료\LastProject\Object.cpp(1297,26): warning C4244: 'return': 'double'에서 'float'(으)로 변환하면서 데이터가 손실될 수 있습니다.
C:\Users\op389\OneDrive\바탕 화면\kpu_projects\code관련 자료\LastProject\Object.cpp(1475,11): warning C4101: 'row' :참조되지 않은 지역 변수입니다.
C:\Users\op389\OneDrive\바탕 화면\kpu_projects\code관련 자료\LastProject\Object.cpp(1475,6): warning C4101: 'col' :참조되지 않은 지역 변수입니다.
C:\Users\op389\OneDrive\바탕 화면\kpu_projects\code관련 자료\LastProject\Object.cpp(1496,6): warning C4101: 'row' :참조되지 않은 지역 변수입니다.
C:\Users\op389\OneDrive\바탕 화면\kpu_projects\code관련 자료\LastProject\Object.cpp(1496,11): warning C4101: 'col' :참조되지 않은 지역 변수입니다.
C:\Users\op389\OneDrive\바탕 화면\kpu_projects\code관련 자료\LastProject\Object.cpp(1593,25): warning C4244: '=': 'float'에서 'int'(으)로 변환하면서 데이터가 손실될 수 있습니다.
C:\Users\op389\OneDrive\바탕 화면\kpu_projects\code관련 자료\LastProject\Object.cpp(1594,25): warning C4244: '=': 'float'에서 'int'(으)로 변환하면서 데이터가 손실될 수 있습니다.
C:\Users\op389\OneDrive\바탕 화면\kpu_projects\code관련 자료\LastProject\Object.cpp(1609,25): warning C4244: '=': 'float'에서 'int'(으)로 변환하면서 데이터가 손실될 수 있습니다.
C:\Users\op389\OneDrive\바탕 화면\kpu_projects\code관련 자료\LastProject\Object.cpp(1610,25): warning C4244: '=': 'float'에서 'int'(으)로 변환하면서 데이터가 손실될 수 있습니다.
C:\Users\op389\OneDrive\바탕 화면\kpu_projects\code관련 자료\LastProject\Object.cpp(1625,25): warning C4244: '=': 'float'에서 'int'(으)로 변환하면서 데이터가 손실될 수 있습니다.
C:\Users\op389\OneDrive\바탕 화면\kpu_projects\code관련 자료\LastProject\Object.cpp(1626,25): warning C4244: '=': 'float'에서 'int'(으)로 변환하면서 데이터가 손실될 수 있습니다.
C:\Users\op389\OneDrive\바탕 화면\kpu_projects\code관련 자료\LastProject\Object.cpp(1656,32): warning C4244: '=': 'double'에서 'int'(으)로 변환하면서 데이터가 손실될 수 있습니다.
C:\Users\op389\OneDrive\바탕 화면\kpu_projects\code관련 자료\LastProject\Object.cpp(1683,32): warning C4244: '=': 'double'에서 'int'(으)로 변환하면서 데이터가 손실될 수 있습니다.
C:\Users\op389\OneDrive\바탕 화면\kpu_projects\code관련 자료\LastProject\Object.cpp(1702,6): warning C4101: 'row' :참조되지 않은 지역 변수입니다.
C:\Users\op389\OneDrive\바탕 화면\kpu_projects\code관련 자료\LastProject\Object.cpp(1702,11): warning C4101: 'col' :참조되지 않은 지역 변수입니다.
C:\Users\op389\OneDrive\바탕 화면\kpu_projects\code관련 자료\LastProject\Object.cpp(1772,25): warning C4244: '=': 'float'에서 'int'(으)로 변환하면서 데이터가 손실될 수 있습니다.
C:\Users\op389\OneDrive\바탕 화면\kpu_projects\code관련 자료\LastProject\Object.cpp(1773,25): warning C4244: '=': 'float'에서 'int'(으)로 변환하면서 데이터가 손실될 수 있습니다.
C:\Users\op389\OneDrive\바탕 화면\kpu_projects\code관련 자료\LastProject\Object.cpp(1788,25): warning C4244: '=': 'float'에서 'int'(으)로 변환하면서 데이터가 손실될 수 있습니다.
C:\Users\op389\OneDrive\바탕 화면\kpu_projects\code관련 자료\LastProject\Object.cpp(1789,25): warning C4244: '=': 'float'에서 'int'(으)로 변환하면서 데이터가 손실될 수 있습니다.
C:\Users\op389\OneDrive\바탕 화면\kpu_projects\code관련 자료\LastProject\Object.cpp(1803,25): warning C4244: '=': 'float'에서 'int'(으)로 변환하면서 데이터가 손실될 수 있습니다.
C:\Users\op389\OneDrive\바탕 화면\kpu_projects\code관련 자료\LastProject\Object.cpp(1804,25): warning C4244: '=': 'float'에서 'int'(으)로 변환하면서 데이터가 손실될 수 있습니다.
C:\Users\op389\OneDrive\바탕 화면\kpu_projects\code관련 자료\LastProject\Object.cpp(1828): warning C4715: 'CGameObject::FSMCheck': 모든 제어 경로에서 값을 반환하지는 않습니다.
  LastProject.vcxproj -> C:\Users\op389\OneDrive\바탕 화면\kpu_projects\code관련 자료\LastProject\x64\Debug\LastProject.exe
