c:\users\op389\onedrive\바탕 화면\kpu_projects\code관련 자료\client\x64\debug\vc142.pdb
c:\users\op389\onedrive\바탕 화면\kpu_projects\code관련 자료\client\x64\debug\vc142.idb
c:\users\op389\onedrive\바탕 화면\kpu_projects\code관련 자료\client\x64\debug\timer.obj
c:\users\op389\onedrive\바탕 화면\kpu_projects\code관련 자료\client\x64\debug\shader.obj
c:\users\op389\onedrive\바탕 화면\kpu_projects\code관련 자료\client\x64\debug\scene.obj
c:\users\op389\onedrive\바탕 화면\kpu_projects\code관련 자료\client\x64\debug\player.obj
c:\users\op389\onedrive\바탕 화면\kpu_projects\code관련 자료\client\x64\debug\object.obj
c:\users\op389\onedrive\바탕 화면\kpu_projects\code관련 자료\client\x64\debug\mesh.obj
c:\users\op389\onedrive\바탕 화면\kpu_projects\code관련 자료\client\x64\debug\gameframework.obj
c:\users\op389\onedrive\바탕 화면\kpu_projects\code관련 자료\client\x64\debug\camera.obj
c:\users\op389\onedrive\바탕 화면\kpu_projects\code관련 자료\client\x64\debug\3dgpmf.obj
c:\users\op389\onedrive\바탕 화면\kpu_projects\code관련 자료\client\x64\debug\pickingmanager.obj
c:\users\op389\onedrive\바탕 화면\kpu_projects\code관련 자료\client\x64\debug\transmanager.obj
c:\users\op389\onedrive\바탕 화면\kpu_projects\code관련 자료\client\x64\debug\3dgpmf.pch
c:\users\op389\onedrive\바탕 화면\kpu_projects\code관련 자료\client\x64\debug\stdafx.obj
c:\users\op389\onedrive\바탕 화면\kpu_projects\code관련 자료\client\x64\debug\objectmanager.obj
c:\users\op389\onedrive\바탕 화면\kpu_projects\code관련 자료\client\x64\debug\3dgpmf.exe
c:\users\op389\onedrive\바탕 화면\kpu_projects\code관련 자료\client\x64\debug\3dgpmf.ilk
c:\users\op389\onedrive\바탕 화면\kpu_projects\code관련 자료\client\x64\debug\3dgpmf.pdb
c:\users\op389\onedrive\바탕 화면\kpu_projects\code관련 자료\client\x64\debug\3dgpmf.res
c:\users\op389\onedrive\바탕 화면\kpu_projects\code관련 자료\client\x64\debug\3dgpmf.obj.enc
c:\users\op389\onedrive\바탕 화면\kpu_projects\code관련 자료\client\x64\debug\camera.obj.enc
c:\users\op389\onedrive\바탕 화면\kpu_projects\code관련 자료\client\x64\debug\gameframework.obj.enc
c:\users\op389\onedrive\바탕 화면\kpu_projects\code관련 자료\client\x64\debug\player.obj.enc
c:\users\op389\onedrive\바탕 화면\kpu_projects\code관련 자료\client\x64\debug\scene.obj.enc
c:\users\op389\onedrive\바탕 화면\kpu_projects\code관련 자료\client\x64\debug\3dgpmf.tlog\cl.command.1.tlog
c:\users\op389\onedrive\바탕 화면\kpu_projects\code관련 자료\client\x64\debug\3dgpmf.tlog\cl.read.1.tlog
c:\users\op389\onedrive\바탕 화면\kpu_projects\code관련 자료\client\x64\debug\3dgpmf.tlog\cl.write.1.tlog
c:\users\op389\onedrive\바탕 화면\kpu_projects\code관련 자료\client\x64\debug\3dgpmf.tlog\link.command.1.tlog
c:\users\op389\onedrive\바탕 화면\kpu_projects\code관련 자료\client\x64\debug\3dgpmf.tlog\link.read.1.tlog
c:\users\op389\onedrive\바탕 화면\kpu_projects\code관련 자료\client\x64\debug\3dgpmf.tlog\link.write.1.tlog
c:\users\op389\onedrive\바탕 화면\kpu_projects\code관련 자료\client\x64\debug\3dgpmf.tlog\rc.command.1.tlog
c:\users\op389\onedrive\바탕 화면\kpu_projects\code관련 자료\client\x64\debug\3dgpmf.tlog\rc.read.1.tlog
c:\users\op389\onedrive\바탕 화면\kpu_projects\code관련 자료\client\x64\debug\3dgpmf.tlog\rc.write.1.tlog
