  Scene.cpp
C:\Users\op389\OneDrive\바탕 화면\kpu_projects\code관련 자료\client\Scene.cpp(147,28): warning C4244: '인수': 'int'에서 'float'(으)로 변환하면서 데이터가 손실될 수 있습니다.
C:\Users\op389\OneDrive\바탕 화면\kpu_projects\code관련 자료\client\Scene.cpp(148,58): warning C4244: '인수': 'double'에서 'float'(으)로 변환하면서 데이터가 손실될 수 있습니다.
C:\Users\op389\OneDrive\바탕 화면\kpu_projects\code관련 자료\client\Scene.cpp(148,43): warning C4244: '인수': 'double'에서 'float'(으)로 변환하면서 데이터가 손실될 수 있습니다.
C:\Users\op389\OneDrive\바탕 화면\kpu_projects\code관련 자료\client\Scene.cpp(148,34): warning C4244: '인수': 'double'에서 'float'(으)로 변환하면서 데이터가 손실될 수 있습니다.
C:\Users\op389\OneDrive\바탕 화면\kpu_projects\code관련 자료\client\Scene.cpp(171,11): warning C4244: '초기화 중': 'int'에서 'float'(으)로 변환하면서 데이터가 손실될 수 있습니다.
C:\Users\op389\OneDrive\바탕 화면\kpu_projects\code관련 자료\client\Scene.cpp(184,11): warning C4244: '초기화 중': 'int'에서 'float'(으)로 변환하면서 데이터가 손실될 수 있습니다.
C:\Users\op389\OneDrive\바탕 화면\kpu_projects\code관련 자료\client\Scene.cpp(196,11): warning C4244: '초기화 중': 'int'에서 'float'(으)로 변환하면서 데이터가 손실될 수 있습니다.
C:\Users\op389\OneDrive\바탕 화면\kpu_projects\code관련 자료\client\Scene.cpp(402,50): warning C4244: '인수': 'float'에서 '_Ty'(으)로 변환하면서 데이터가 손실될 수 있습니다.
          with
          [
              _Ty=int
          ]
C:\Users\op389\OneDrive\바탕 화면\kpu_projects\code관련 자료\client\Scene.cpp(402,44): warning C4244: '인수': 'float'에서 '_Ty'(으)로 변환하면서 데이터가 손실될 수 있습니다.
          with
          [
              _Ty=int
          ]
C:\Users\op389\OneDrive\바탕 화면\kpu_projects\code관련 자료\client\Scene.cpp(415,31): warning C4244: '인수': 'int'에서 'float'(으)로 변환하면서 데이터가 손실될 수 있습니다.
C:\Users\op389\OneDrive\바탕 화면\kpu_projects\code관련 자료\client\Scene.cpp(418,31): warning C4244: '인수': 'int'에서 'float'(으)로 변환하면서 데이터가 손실될 수 있습니다.
C:\Users\op389\OneDrive\바탕 화면\kpu_projects\code관련 자료\client\Scene.cpp(432,31): warning C4244: '인수': 'int'에서 'float'(으)로 변환하면서 데이터가 손실될 수 있습니다.
C:\Users\op389\OneDrive\바탕 화면\kpu_projects\code관련 자료\client\Scene.cpp(435,31): warning C4244: '인수': 'int'에서 'float'(으)로 변환하면서 데이터가 손실될 수 있습니다.
C:\Users\op389\OneDrive\바탕 화면\kpu_projects\code관련 자료\client\Scene.cpp(447,31): warning C4244: '인수': 'int'에서 'float'(으)로 변환하면서 데이터가 손실될 수 있습니다.
C:\Users\op389\OneDrive\바탕 화면\kpu_projects\code관련 자료\client\Scene.cpp(450,31): warning C4244: '인수': 'int'에서 'float'(으)로 변환하면서 데이터가 손실될 수 있습니다.
C:\Users\op389\OneDrive\바탕 화면\kpu_projects\code관련 자료\client\Scene.cpp(461,31): warning C4244: '인수': 'int'에서 'float'(으)로 변환하면서 데이터가 손실될 수 있습니다.
C:\Users\op389\OneDrive\바탕 화면\kpu_projects\code관련 자료\client\Scene.cpp(464,31): warning C4244: '인수': 'int'에서 'float'(으)로 변환하면서 데이터가 손실될 수 있습니다.
  3DGPMF.vcxproj -> C:\Users\op389\OneDrive\바탕 화면\kpu_projects\code관련 자료\client\x64\Debug\3DGPMF.exe
